Performing C++ SOURCE FILE Test COMPILER_HAS_MBIG_OBJ failed with the following output:
Change Dir: /media/nybsysml/New Volume/Niloy/Neloy_mumble/cmake-build-debug/CMakeFiles/CMakeTmp

Run Build Command(s):/snap/clion/222/bin/ninja/linux/x64/ninja cmTC_39c55 && [1/2] Building CXX object CMakeFiles/cmTC_39c55.dir/src.cxx.o
FAILED: CMakeFiles/cmTC_39c55.dir/src.cxx.o 
/usr/bin/c++ -DCOMPILER_HAS_MBIG_OBJ  -fPIE -fdiagnostics-color=always   -Wa,-mbig-obj -o CMakeFiles/cmTC_39c55.dir/src.cxx.o -c '/media/nybsysml/New Volume/Niloy/Neloy_mumble/cmake-build-debug/CMakeFiles/CMakeTmp/src.cxx'
as: unrecognized option '-mbig-obj'
ninja: build stopped: subcommand failed.


Source file was:
int main() { return 0; }
Performing C SOURCE FILE Test CMAKE_HAVE_LIBC_PTHREAD failed with the following output:
Change Dir: /media/nybsysml/New Volume/Niloy/Neloy_mumble/cmake-build-debug/CMakeFiles/CMakeTmp

Run Build Command(s):/snap/clion/222/bin/ninja/linux/x64/ninja cmTC_4f7fa && [1/2] Building C object CMakeFiles/cmTC_4f7fa.dir/src.c.o
[2/2] Linking C executable cmTC_4f7fa
FAILED: cmTC_4f7fa 
: && /usr/bin/cc   CMakeFiles/cmTC_4f7fa.dir/src.c.o -o cmTC_4f7fa   && :
/usr/bin/ld: CMakeFiles/cmTC_4f7fa.dir/src.c.o: in function `main':
src.c:(.text+0x46): undefined reference to `pthread_create'
/usr/bin/ld: src.c:(.text+0x52): undefined reference to `pthread_detach'
/usr/bin/ld: src.c:(.text+0x5e): undefined reference to `pthread_cancel'
/usr/bin/ld: src.c:(.text+0x6f): undefined reference to `pthread_join'
collect2: error: ld returned 1 exit status
ninja: build stopped: subcommand failed.


Source file was:
#include <pthread.h>

static void* test_func(void* data)
{
  return data;
}

int main(void)
{
  pthread_t thread;
  pthread_create(&thread, NULL, test_func, NULL);
  pthread_detach(thread);
  pthread_cancel(thread);
  pthread_join(thread, NULL);
  pthread_atfork(NULL, NULL, NULL);
  pthread_exit(NULL);

  return 0;
}

Determining if the function pthread_create exists in the pthreads failed with the following output:
Change Dir: /media/nybsysml/New Volume/Niloy/Neloy_mumble/cmake-build-debug/CMakeFiles/CMakeTmp

Run Build Command(s):/snap/clion/222/bin/ninja/linux/x64/ninja cmTC_9a336 && [1/2] Building C object CMakeFiles/cmTC_9a336.dir/CheckFunctionExists.c.o
[2/2] Linking C executable cmTC_9a336
FAILED: cmTC_9a336 
: && /usr/bin/cc -DCHECK_FUNCTION_EXISTS=pthread_create  CMakeFiles/cmTC_9a336.dir/CheckFunctionExists.c.o -o cmTC_9a336  -lpthreads && :
/usr/bin/ld: cannot find -lpthreads
collect2: error: ld returned 1 exit status
ninja: build stopped: subcommand failed.



Determining if the function lrintf exists failed with the following output:
Change Dir: /media/nybsysml/New Volume/Niloy/Neloy_mumble/cmake-build-debug/CMakeFiles/CMakeTmp

Run Build Command(s):/snap/clion/222/bin/ninja/linux/x64/ninja cmTC_63952 && [1/2] Building C object CMakeFiles/cmTC_63952.dir/CheckFunctionExists.c.o
<command-line>: warning: conflicting types for built-in function ‘lrintf’; expected ‘long int(float)’ [-Wbuiltin-declaration-mismatch]
/snap/clion/222/bin/cmake/linux/x64/share/cmake-3.24/Modules/CheckFunctionExists.c:7:3: note: in expansion of macro ‘CHECK_FUNCTION_EXISTS’
    7 |   CHECK_FUNCTION_EXISTS(void);
      |   ^~~~~~~~~~~~~~~~~~~~~
/snap/clion/222/bin/cmake/linux/x64/share/cmake-3.24/Modules/CheckFunctionExists.c:1:1: note: ‘lrintf’ is declared in header ‘<math.h>’
  +++ |+#include <math.h>
    1 | #ifdef CHECK_FUNCTION_EXISTS
[2/2] Linking C executable cmTC_63952
FAILED: cmTC_63952 
: && /usr/bin/cc -DCHECK_FUNCTION_EXISTS=lrintf  CMakeFiles/cmTC_63952.dir/CheckFunctionExists.c.o -o cmTC_63952   && :
/usr/bin/ld: CMakeFiles/cmTC_63952.dir/CheckFunctionExists.c.o: in function `main':
CheckFunctionExists.c:(.text+0x14): undefined reference to `lrintf'
collect2: error: ld returned 1 exit status
ninja: build stopped: subcommand failed.



Determining if the function lrint exists failed with the following output:
Change Dir: /media/nybsysml/New Volume/Niloy/Neloy_mumble/cmake-build-debug/CMakeFiles/CMakeTmp

Run Build Command(s):/snap/clion/222/bin/ninja/linux/x64/ninja cmTC_52d4a && [1/2] Building C object CMakeFiles/cmTC_52d4a.dir/CheckFunctionExists.c.o
<command-line>: warning: conflicting types for built-in function ‘lrint’; expected ‘long int(double)’ [-Wbuiltin-declaration-mismatch]
/snap/clion/222/bin/cmake/linux/x64/share/cmake-3.24/Modules/CheckFunctionExists.c:7:3: note: in expansion of macro ‘CHECK_FUNCTION_EXISTS’
    7 |   CHECK_FUNCTION_EXISTS(void);
      |   ^~~~~~~~~~~~~~~~~~~~~
/snap/clion/222/bin/cmake/linux/x64/share/cmake-3.24/Modules/CheckFunctionExists.c:1:1: note: ‘lrint’ is declared in header ‘<math.h>’
  +++ |+#include <math.h>
    1 | #ifdef CHECK_FUNCTION_EXISTS
[2/2] Linking C executable cmTC_52d4a
FAILED: cmTC_52d4a 
: && /usr/bin/cc -DCHECK_FUNCTION_EXISTS=lrint  CMakeFiles/cmTC_52d4a.dir/CheckFunctionExists.c.o -o cmTC_52d4a   && :
/usr/bin/ld: CMakeFiles/cmTC_52d4a.dir/CheckFunctionExists.c.o: in function `main':
CheckFunctionExists.c:(.text+0x14): undefined reference to `lrint'
collect2: error: ld returned 1 exit status
ninja: build stopped: subcommand failed.



